cl : command line warning D9035: option 'Gm' has been deprecated and will be removed in a future release
  nhom6.cpp
C:\Users\Hung\Downloads\btlDHMT\GLSLExperiment\nhom6.cpp(170,44): warning C4305: 'argument': truncation from 'double' to 'GLfloat'
C:\Users\Hung\Downloads\btlDHMT\GLSLExperiment\nhom6.cpp(171,41): warning C4305: 'argument': truncation from 'double' to 'GLfloat'
C:\Users\Hung\Downloads\btlDHMT\GLSLExperiment\nhom6.cpp(176,50): warning C4244: 'argument': conversion from 'double' to 'GLfloat', possible loss of data
C:\Users\Hung\Downloads\btlDHMT\GLSLExperiment\nhom6.cpp(176,39): warning C4244: 'argument': conversion from 'double' to 'GLfloat', possible loss of data
C:\Users\Hung\Downloads\btlDHMT\GLSLExperiment\nhom6.cpp(176,28): warning C4244: 'argument': conversion from 'double' to 'GLfloat', possible loss of data
C:\Users\Hung\Downloads\btlDHMT\GLSLExperiment\nhom6.cpp(194,48): warning C4305: 'argument': truncation from 'double' to 'const GLfloat'
C:\Users\Hung\Downloads\btlDHMT\GLSLExperiment\nhom6.cpp(199,51): warning C4305: 'argument': truncation from 'double' to 'const GLfloat'
C:\Users\Hung\Downloads\btlDHMT\GLSLExperiment\nhom6.cpp(203,52): warning C4305: 'argument': truncation from 'double' to 'const GLfloat'
C:\Users\Hung\Downloads\btlDHMT\GLSLExperiment\nhom6.cpp(209,51): warning C4305: 'argument': truncation from 'double' to 'const GLfloat'
C:\Users\Hung\Downloads\btlDHMT\GLSLExperiment\nhom6.cpp(214,50): warning C4305: 'argument': truncation from 'double' to 'const GLfloat'
C:\Users\Hung\Downloads\btlDHMT\GLSLExperiment\nhom6.cpp(219,55): warning C4305: 'argument': truncation from 'double' to 'const GLfloat'
C:\Users\Hung\Downloads\btlDHMT\GLSLExperiment\nhom6.cpp(225,54): warning C4305: 'argument': truncation from 'double' to 'const GLfloat'
C:\Users\Hung\Downloads\btlDHMT\GLSLExperiment\nhom6.cpp(234,55): warning C4305: 'argument': truncation from 'double' to 'const GLfloat'
C:\Users\Hung\Downloads\btlDHMT\GLSLExperiment\nhom6.cpp(241,34): warning C4305: 'argument': truncation from 'double' to 'const GLfloat'
C:\Users\Hung\Downloads\btlDHMT\GLSLExperiment\nhom6.cpp(241,58): warning C4305: 'argument': truncation from 'double' to 'const GLfloat'
C:\Users\Hung\Downloads\btlDHMT\GLSLExperiment\nhom6.cpp(247,35): warning C4305: 'argument': truncation from 'double' to 'const GLfloat'
C:\Users\Hung\Downloads\btlDHMT\GLSLExperiment\nhom6.cpp(247,59): warning C4305: 'argument': truncation from 'double' to 'const GLfloat'
C:\Users\Hung\Downloads\btlDHMT\GLSLExperiment\nhom6.cpp(266,18): warning C4244: 'argument': conversion from 'int' to 'const GLfloat', possible loss of data
C:\Users\Hung\Downloads\btlDHMT\GLSLExperiment\nhom6.cpp(266,42): warning C4305: 'argument': truncation from 'double' to 'const GLfloat'
C:\Users\Hung\Downloads\btlDHMT\GLSLExperiment\nhom6.cpp(276,29): warning C4305: 'argument': truncation from 'double' to 'const GLfloat'
C:\Users\Hung\Downloads\btlDHMT\GLSLExperiment\nhom6.cpp(276,53): warning C4305: 'argument': truncation from 'double' to 'const GLfloat'
C:\Users\Hung\Downloads\btlDHMT\GLSLExperiment\nhom6.cpp(282,29): warning C4305: 'argument': truncation from 'double' to 'const GLfloat'
C:\Users\Hung\Downloads\btlDHMT\GLSLExperiment\nhom6.cpp(282,52): warning C4305: 'argument': truncation from 'double' to 'const GLfloat'
C:\Users\Hung\Downloads\btlDHMT\GLSLExperiment\nhom6.cpp(286,30): warning C4305: 'argument': truncation from 'double' to 'const GLfloat'
C:\Users\Hung\Downloads\btlDHMT\GLSLExperiment\nhom6.cpp(286,54): warning C4305: 'argument': truncation from 'double' to 'const GLfloat'
C:\Users\Hung\Downloads\btlDHMT\GLSLExperiment\nhom6.cpp(292,29): warning C4305: 'argument': truncation from 'double' to 'const GLfloat'
C:\Users\Hung\Downloads\btlDHMT\GLSLExperiment\nhom6.cpp(304,29): warning C4305: 'argument': truncation from 'double' to 'const GLfloat'
C:\Users\Hung\Downloads\btlDHMT\GLSLExperiment\nhom6.cpp(312,34): warning C4305: 'argument': truncation from 'double' to 'const GLfloat'
C:\Users\Hung\Downloads\btlDHMT\GLSLExperiment\nhom6.cpp(312,56): warning C4305: 'argument': truncation from 'double' to 'const GLfloat'
C:\Users\Hung\Downloads\btlDHMT\GLSLExperiment\nhom6.cpp(320,35): warning C4305: 'argument': truncation from 'double' to 'const GLfloat'
C:\Users\Hung\Downloads\btlDHMT\GLSLExperiment\nhom6.cpp(320,57): warning C4305: 'argument': truncation from 'double' to 'const GLfloat'
C:\Users\Hung\Downloads\btlDHMT\GLSLExperiment\nhom6.cpp(328,33): warning C4305: 'argument': truncation from 'double' to 'const GLfloat'
C:\Users\Hung\Downloads\btlDHMT\GLSLExperiment\nhom6.cpp(328,56): warning C4305: 'argument': truncation from 'double' to 'const GLfloat'
C:\Users\Hung\Downloads\btlDHMT\GLSLExperiment\nhom6.cpp(336,34): warning C4305: 'argument': truncation from 'double' to 'const GLfloat'
C:\Users\Hung\Downloads\btlDHMT\GLSLExperiment\nhom6.cpp(336,57): warning C4305: 'argument': truncation from 'double' to 'const GLfloat'
C:\Users\Hung\Downloads\btlDHMT\GLSLExperiment\nhom6.cpp(344,34): warning C4305: 'argument': truncation from 'double' to 'const GLfloat'
C:\Users\Hung\Downloads\btlDHMT\GLSLExperiment\nhom6.cpp(344,57): warning C4305: 'argument': truncation from 'double' to 'const GLfloat'
C:\Users\Hung\Downloads\btlDHMT\GLSLExperiment\nhom6.cpp(352,35): warning C4305: 'argument': truncation from 'double' to 'const GLfloat'
C:\Users\Hung\Downloads\btlDHMT\GLSLExperiment\nhom6.cpp(352,59): warning C4305: 'argument': truncation from 'double' to 'const GLfloat'
C:\Users\Hung\Downloads\btlDHMT\GLSLExperiment\nhom6.cpp(361,31): warning C4305: 'argument': truncation from 'double' to 'const GLfloat'
C:\Users\Hung\Downloads\btlDHMT\GLSLExperiment\nhom6.cpp(369,36): warning C4305: 'argument': truncation from 'double' to 'const GLfloat'
C:\Users\Hung\Downloads\btlDHMT\GLSLExperiment\nhom6.cpp(369,61): warning C4305: 'argument': truncation from 'double' to 'const GLfloat'
C:\Users\Hung\Downloads\btlDHMT\GLSLExperiment\nhom6.cpp(378,31): warning C4305: 'argument': truncation from 'double' to 'const GLfloat'
C:\Users\Hung\Downloads\btlDHMT\GLSLExperiment\nhom6.cpp(386,37): warning C4305: 'argument': truncation from 'double' to 'const GLfloat'
C:\Users\Hung\Downloads\btlDHMT\GLSLExperiment\nhom6.cpp(386,60): warning C4305: 'argument': truncation from 'double' to 'const GLfloat'
C:\Users\Hung\Downloads\btlDHMT\GLSLExperiment\nhom6.cpp(395,34): warning C4305: 'argument': truncation from 'double' to 'const GLfloat'
C:\Users\Hung\Downloads\btlDHMT\GLSLExperiment\nhom6.cpp(395,57): warning C4305: 'argument': truncation from 'double' to 'const GLfloat'
C:\Users\Hung\Downloads\btlDHMT\GLSLExperiment\nhom6.cpp(403,36): warning C4305: 'argument': truncation from 'double' to 'const GLfloat'
C:\Users\Hung\Downloads\btlDHMT\GLSLExperiment\nhom6.cpp(403,59): warning C4305: 'argument': truncation from 'double' to 'const GLfloat'
C:\Users\Hung\Downloads\btlDHMT\GLSLExperiment\nhom6.cpp(411,35): warning C4305: 'argument': truncation from 'double' to 'const GLfloat'
C:\Users\Hung\Downloads\btlDHMT\GLSLExperiment\nhom6.cpp(411,58): warning C4305: 'argument': truncation from 'double' to 'const GLfloat'
C:\Users\Hung\Downloads\btlDHMT\GLSLExperiment\nhom6.cpp(419,36): warning C4305: 'argument': truncation from 'double' to 'const GLfloat'
C:\Users\Hung\Downloads\btlDHMT\GLSLExperiment\nhom6.cpp(419,60): warning C4305: 'argument': truncation from 'double' to 'const GLfloat'
C:\Users\Hung\Downloads\btlDHMT\GLSLExperiment\nhom6.cpp(427,37): warning C4305: 'argument': truncation from 'double' to 'const GLfloat'
C:\Users\Hung\Downloads\btlDHMT\GLSLExperiment\nhom6.cpp(427,60): warning C4305: 'argument': truncation from 'double' to 'const GLfloat'
C:\Users\Hung\Downloads\btlDHMT\GLSLExperiment\nhom6.cpp(441,36): warning C4305: 'argument': truncation from 'double' to 'const GLfloat'
C:\Users\Hung\Downloads\btlDHMT\GLSLExperiment\nhom6.cpp(441,90): warning C4305: 'argument': truncation from 'double' to 'const GLfloat'
C:\Users\Hung\Downloads\btlDHMT\GLSLExperiment\nhom6.cpp(445,35): warning C4305: 'argument': truncation from 'double' to 'const GLfloat'
C:\Users\Hung\Downloads\btlDHMT\GLSLExperiment\nhom6.cpp(445,90): warning C4305: 'argument': truncation from 'double' to 'const GLfloat'
C:\Users\Hung\Downloads\btlDHMT\GLSLExperiment\nhom6.cpp(453,16): warning C4244: 'initializing': conversion from 'time_t' to 'GLfloat', possible loss of data
C:\Users\Hung\Downloads\btlDHMT\GLSLExperiment\nhom6.cpp(454,17): warning C4244: 'initializing': conversion from 'time_t' to 'GLfloat', possible loss of data
C:\Users\Hung\Downloads\btlDHMT\GLSLExperiment\nhom6.cpp(455,17): warning C4244: 'initializing': conversion from 'time_t' to 'GLfloat', possible loss of data
C:\Users\Hung\Downloads\btlDHMT\GLSLExperiment\nhom6.cpp(463,34): warning C4305: 'argument': truncation from 'double' to 'const GLfloat'
C:\Users\Hung\Downloads\btlDHMT\GLSLExperiment\nhom6.cpp(463,46): warning C4244: 'argument': conversion from 'int' to 'const GLfloat', possible loss of data
C:\Users\Hung\Downloads\btlDHMT\GLSLExperiment\nhom6.cpp(463,73): warning C4305: 'argument': truncation from 'double' to 'const GLfloat'
C:\Users\Hung\Downloads\btlDHMT\GLSLExperiment\nhom6.cpp(471,35): warning C4305: 'argument': truncation from 'double' to 'const GLfloat'
C:\Users\Hung\Downloads\btlDHMT\GLSLExperiment\nhom6.cpp(471,77): warning C4305: 'argument': truncation from 'double' to 'const GLfloat'
C:\Users\Hung\Downloads\btlDHMT\GLSLExperiment\nhom6.cpp(471,102): warning C4305: 'argument': truncation from 'double' to 'const GLfloat'
C:\Users\Hung\Downloads\btlDHMT\GLSLExperiment\nhom6.cpp(478,35): warning C4305: 'argument': truncation from 'double' to 'const GLfloat'
C:\Users\Hung\Downloads\btlDHMT\GLSLExperiment\nhom6.cpp(478,77): warning C4305: 'argument': truncation from 'double' to 'const GLfloat'
C:\Users\Hung\Downloads\btlDHMT\GLSLExperiment\nhom6.cpp(478,102): warning C4305: 'argument': truncation from 'double' to 'const GLfloat'
C:\Users\Hung\Downloads\btlDHMT\GLSLExperiment\nhom6.cpp(485,37): warning C4305: 'argument': truncation from 'double' to 'const GLfloat'
C:\Users\Hung\Downloads\btlDHMT\GLSLExperiment\nhom6.cpp(485,79): warning C4305: 'argument': truncation from 'double' to 'const GLfloat'
C:\Users\Hung\Downloads\btlDHMT\GLSLExperiment\nhom6.cpp(485,105): warning C4305: 'argument': truncation from 'double' to 'const GLfloat'
C:\Users\Hung\Downloads\btlDHMT\GLSLExperiment\nhom6.cpp(509,26): warning C4305: 'argument': truncation from 'double' to 'const GLfloat'
C:\Users\Hung\Downloads\btlDHMT\GLSLExperiment\nhom6.cpp(518,36): warning C4305: 'argument': truncation from 'double' to 'const GLfloat'
C:\Users\Hung\Downloads\btlDHMT\GLSLExperiment\nhom6.cpp(518,59): warning C4305: 'argument': truncation from 'double' to 'const GLfloat'
C:\Users\Hung\Downloads\btlDHMT\GLSLExperiment\nhom6.cpp(523,35): warning C4305: 'argument': truncation from 'double' to 'const GLfloat'
C:\Users\Hung\Downloads\btlDHMT\GLSLExperiment\nhom6.cpp(523,58): warning C4305: 'argument': truncation from 'double' to 'const GLfloat'
C:\Users\Hung\Downloads\btlDHMT\GLSLExperiment\nhom6.cpp(528,37): warning C4305: 'argument': truncation from 'double' to 'const GLfloat'
C:\Users\Hung\Downloads\btlDHMT\GLSLExperiment\nhom6.cpp(528,60): warning C4305: 'argument': truncation from 'double' to 'const GLfloat'
C:\Users\Hung\Downloads\btlDHMT\GLSLExperiment\nhom6.cpp(533,36): warning C4305: 'argument': truncation from 'double' to 'const GLfloat'
C:\Users\Hung\Downloads\btlDHMT\GLSLExperiment\nhom6.cpp(533,59): warning C4305: 'argument': truncation from 'double' to 'const GLfloat'
C:\Users\Hung\Downloads\btlDHMT\GLSLExperiment\nhom6.cpp(541,67): warning C4305: 'argument': truncation from 'double' to 'const GLfloat'
C:\Users\Hung\Downloads\btlDHMT\GLSLExperiment\nhom6.cpp(541,90): warning C4305: 'argument': truncation from 'double' to 'const GLfloat'
C:\Users\Hung\Downloads\btlDHMT\GLSLExperiment\nhom6.cpp(549,76): warning C4305: 'argument': truncation from 'double' to 'const GLfloat'
C:\Users\Hung\Downloads\btlDHMT\GLSLExperiment\nhom6.cpp(562,27): warning C4305: 'argument': truncation from 'double' to 'const GLfloat'
C:\Users\Hung\Downloads\btlDHMT\GLSLExperiment\nhom6.cpp(570,51): warning C4305: 'argument': truncation from 'double' to 'const GLfloat'
C:\Users\Hung\Downloads\btlDHMT\GLSLExperiment\nhom6.cpp(577,35): warning C4305: 'argument': truncation from 'double' to 'const GLfloat'
C:\Users\Hung\Downloads\btlDHMT\GLSLExperiment\nhom6.cpp(577,100): warning C4305: 'argument': truncation from 'double' to 'const GLfloat'
C:\Users\Hung\Downloads\btlDHMT\GLSLExperiment\nhom6.cpp(583,76): warning C4305: 'argument': truncation from 'double' to 'const GLfloat'
C:\Users\Hung\Downloads\btlDHMT\GLSLExperiment\nhom6.cpp(586,28): warning C4305: 'argument': truncation from 'double' to 'GLfloat'
C:\Users\Hung\Downloads\btlDHMT\GLSLExperiment\nhom6.cpp(587,29): warning C4305: 'argument': truncation from 'double' to 'GLfloat'
C:\Users\Hung\Downloads\btlDHMT\GLSLExperiment\nhom6.cpp(588,30): warning C4305: 'argument': truncation from 'double' to 'GLfloat'
C:\Users\Hung\Downloads\btlDHMT\GLSLExperiment\nhom6.cpp(589,29): warning C4305: 'argument': truncation from 'double' to 'GLfloat'
C:\Users\Hung\Downloads\btlDHMT\GLSLExperiment\nhom6.cpp(597,25): warning C4305: 'argument': truncation from 'double' to 'const GLfloat'
C:\Users\Hung\Downloads\btlDHMT\GLSLExperiment\nhom6.cpp(605,49): warning C4305: 'argument': truncation from 'double' to 'const GLfloat'
C:\Users\Hung\Downloads\btlDHMT\GLSLExperiment\nhom6.cpp(613,31): warning C4305: 'argument': truncation from 'double' to 'const GLfloat'
C:\Users\Hung\Downloads\btlDHMT\GLSLExperiment\nhom6.cpp(613,52): warning C4305: 'argument': truncation from 'double' to 'const GLfloat'
C:\Users\Hung\Downloads\btlDHMT\GLSLExperiment\nhom6.cpp(617,32): warning C4305: 'argument': truncation from 'double' to 'const GLfloat'
C:\Users\Hung\Downloads\btlDHMT\GLSLExperiment\nhom6.cpp(617,53): warning C4305: 'argument': truncation from 'double' to 'const GLfloat'
C:\Users\Hung\Downloads\btlDHMT\GLSLExperiment\nhom6.cpp(624,31): warning C4305: 'argument': truncation from 'double' to 'const GLfloat'
C:\Users\Hung\Downloads\btlDHMT\GLSLExperiment\nhom6.cpp(627,28): warning C4305: 'argument': truncation from 'double' to 'GLfloat'
C:\Users\Hung\Downloads\btlDHMT\GLSLExperiment\nhom6.cpp(628,29): warning C4305: 'argument': truncation from 'double' to 'GLfloat'
C:\Users\Hung\Downloads\btlDHMT\GLSLExperiment\nhom6.cpp(629,30): warning C4305: 'argument': truncation from 'double' to 'GLfloat'
C:\Users\Hung\Downloads\btlDHMT\GLSLExperiment\nhom6.cpp(630,29): warning C4305: 'argument': truncation from 'double' to 'GLfloat'
C:\Users\Hung\Downloads\btlDHMT\GLSLExperiment\nhom6.cpp(636,29): warning C4305: 'argument': truncation from 'double' to 'const GLfloat'
C:\Users\Hung\Downloads\btlDHMT\GLSLExperiment\nhom6.cpp(636,52): warning C4305: 'argument': truncation from 'double' to 'const GLfloat'
C:\Users\Hung\Downloads\btlDHMT\GLSLExperiment\nhom6.cpp(646,18): warning C4244: 'argument': conversion from 'int' to 'const GLfloat', possible loss of data
C:\Users\Hung\Downloads\btlDHMT\GLSLExperiment\nhom6.cpp(646,45): warning C4305: 'argument': truncation from 'double' to 'const GLfloat'
C:\Users\Hung\Downloads\btlDHMT\GLSLExperiment\nhom6.cpp(657,42): warning C4305: 'argument': truncation from 'double' to 'const GLfloat'
C:\Users\Hung\Downloads\btlDHMT\GLSLExperiment\nhom6.cpp(657,54): warning C4244: 'argument': conversion from 'int' to 'const GLfloat', possible loss of data
C:\Users\Hung\Downloads\btlDHMT\GLSLExperiment\nhom6.cpp(657,81): warning C4305: 'argument': truncation from 'double' to 'const GLfloat'
C:\Users\Hung\Downloads\btlDHMT\GLSLExperiment\nhom6.cpp(663,42): warning C4305: 'argument': truncation from 'double' to 'const GLfloat'
C:\Users\Hung\Downloads\btlDHMT\GLSLExperiment\nhom6.cpp(663,67): warning C4305: 'argument': truncation from 'double' to 'const GLfloat'
C:\Users\Hung\Downloads\btlDHMT\GLSLExperiment\nhom6.cpp(671,28): warning C4305: 'argument': truncation from 'double' to 'const GLfloat'
C:\Users\Hung\Downloads\btlDHMT\GLSLExperiment\nhom6.cpp(687,28): warning C4305: 'argument': truncation from 'double' to 'const GLfloat'
C:\Users\Hung\Downloads\btlDHMT\GLSLExperiment\nhom6.cpp(687,64): warning C4305: 'argument': truncation from 'double' to 'const GLfloat'
C:\Users\Hung\Downloads\btlDHMT\GLSLExperiment\nhom6.cpp(687,92): warning C4305: 'argument': truncation from 'double' to 'const GLfloat'
C:\Users\Hung\Downloads\btlDHMT\GLSLExperiment\nhom6.cpp(691,29): warning C4305: 'argument': truncation from 'double' to 'const GLfloat'
C:\Users\Hung\Downloads\btlDHMT\GLSLExperiment\nhom6.cpp(691,62): warning C4244: 'argument': conversion from 'double' to 'const GLfloat', possible loss of data
C:\Users\Hung\Downloads\btlDHMT\GLSLExperiment\nhom6.cpp(691,50): warning C4244: 'argument': conversion from 'double' to 'const GLfloat', possible loss of data
C:\Users\Hung\Downloads\btlDHMT\GLSLExperiment\nhom6.cpp(691,117): warning C4305: 'argument': truncation from 'double' to 'const GLfloat'
C:\Users\Hung\Downloads\btlDHMT\GLSLExperiment\nhom6.cpp(691,91): warning C4244: 'argument': conversion from 'double' to 'const GLfloat', possible loss of data
C:\Users\Hung\Downloads\btlDHMT\GLSLExperiment\nhom6.cpp(697,29): warning C4305: 'argument': truncation from 'double' to 'const GLfloat'
C:\Users\Hung\Downloads\btlDHMT\GLSLExperiment\nhom6.cpp(697,62): warning C4244: 'argument': conversion from 'double' to 'const GLfloat', possible loss of data
C:\Users\Hung\Downloads\btlDHMT\GLSLExperiment\nhom6.cpp(697,50): warning C4244: 'argument': conversion from 'double' to 'const GLfloat', possible loss of data
C:\Users\Hung\Downloads\btlDHMT\GLSLExperiment\nhom6.cpp(697,117): warning C4305: 'argument': truncation from 'double' to 'const GLfloat'
C:\Users\Hung\Downloads\btlDHMT\GLSLExperiment\nhom6.cpp(697,91): warning C4244: 'argument': conversion from 'double' to 'const GLfloat', possible loss of data
C:\Users\Hung\Downloads\btlDHMT\GLSLExperiment\nhom6.cpp(704,29): warning C4305: 'argument': truncation from 'double' to 'const GLfloat'
C:\Users\Hung\Downloads\btlDHMT\GLSLExperiment\nhom6.cpp(704,62): warning C4244: 'argument': conversion from 'double' to 'const GLfloat', possible loss of data
C:\Users\Hung\Downloads\btlDHMT\GLSLExperiment\nhom6.cpp(704,50): warning C4244: 'argument': conversion from 'double' to 'const GLfloat', possible loss of data
C:\Users\Hung\Downloads\btlDHMT\GLSLExperiment\nhom6.cpp(704,117): warning C4305: 'argument': truncation from 'double' to 'const GLfloat'
C:\Users\Hung\Downloads\btlDHMT\GLSLExperiment\nhom6.cpp(704,91): warning C4244: 'argument': conversion from 'double' to 'const GLfloat', possible loss of data
C:\Users\Hung\Downloads\btlDHMT\GLSLExperiment\nhom6.cpp(713,26): warning C4305: 'argument': truncation from 'double' to 'GLfloat'
C:\Users\Hung\Downloads\btlDHMT\GLSLExperiment\nhom6.cpp(714,27): warning C4305: 'argument': truncation from 'double' to 'GLfloat'
C:\Users\Hung\Downloads\btlDHMT\GLSLExperiment\nhom6.cpp(715,28): warning C4305: 'argument': truncation from 'double' to 'GLfloat'
C:\Users\Hung\Downloads\btlDHMT\GLSLExperiment\nhom6.cpp(717,28): warning C4305: 'argument': truncation from 'double' to 'const GLfloat'
C:\Users\Hung\Downloads\btlDHMT\GLSLExperiment\nhom6.cpp(717,58): warning C4305: 'argument': truncation from 'double' to 'const GLfloat'
C:\Users\Hung\Downloads\btlDHMT\GLSLExperiment\nhom6.cpp(717,107): warning C4305: 'argument': truncation from 'double' to 'const GLfloat'
C:\Users\Hung\Downloads\btlDHMT\GLSLExperiment\nhom6.cpp(717,133): warning C4305: 'argument': truncation from 'double' to 'const GLfloat'
C:\Users\Hung\Downloads\btlDHMT\GLSLExperiment\nhom6.cpp(720,28): warning C4305: 'argument': truncation from 'double' to 'const GLfloat'
C:\Users\Hung\Downloads\btlDHMT\GLSLExperiment\nhom6.cpp(720,60): warning C4305: 'argument': truncation from 'double' to 'const GLfloat'
C:\Users\Hung\Downloads\btlDHMT\GLSLExperiment\nhom6.cpp(720,86): warning C4305: 'argument': truncation from 'double' to 'const GLfloat'
C:\Users\Hung\Downloads\btlDHMT\GLSLExperiment\nhom6.cpp(739,13): warning C4305: '+=': truncation from 'double' to 'GLfloat'
C:\Users\Hung\Downloads\btlDHMT\GLSLExperiment\nhom6.cpp(745,13): warning C4305: '-=': truncation from 'double' to 'GLfloat'
C:\Users\Hung\Downloads\btlDHMT\GLSLExperiment\nhom6.cpp(773,37): warning C4305: 'argument': truncation from 'double' to 'const GLfloat'
C:\Users\Hung\Downloads\btlDHMT\GLSLExperiment\nhom6.cpp(776,28): warning C4305: 'argument': truncation from 'double' to 'const GLfloat'
C:\Users\Hung\Downloads\btlDHMT\GLSLExperiment\nhom6.cpp(812,20): warning C4305: '=': truncation from 'double' to 'GLfloat'
C:\Users\Hung\Downloads\btlDHMT\GLSLExperiment\nhom6.cpp(816,20): warning C4305: '=': truncation from 'double' to 'GLfloat'
C:\Users\Hung\Downloads\btlDHMT\GLSLExperiment\nhom6.cpp(824,24): warning C4305: '-=': truncation from 'double' to 'GLfloat'
C:\Users\Hung\Downloads\btlDHMT\GLSLExperiment\nhom6.cpp(830,24): warning C4305: '+=': truncation from 'double' to 'GLfloat'
C:\Users\Hung\Downloads\btlDHMT\GLSLExperiment\nhom6.cpp(837,24): warning C4305: '-=': truncation from 'double' to 'GLfloat'
C:\Users\Hung\Downloads\btlDHMT\GLSLExperiment\nhom6.cpp(843,24): warning C4305: '+=': truncation from 'double' to 'GLfloat'
C:\Users\Hung\Downloads\btlDHMT\GLSLExperiment\nhom6.cpp(850,28): warning C4305: '-=': truncation from 'double' to 'GLfloat'
C:\Users\Hung\Downloads\btlDHMT\GLSLExperiment\nhom6.cpp(855,28): warning C4305: '+=': truncation from 'double' to 'GLfloat'
C:\Users\Hung\Downloads\btlDHMT\GLSLExperiment\nhom6.cpp(861,24): warning C4305: '+=': truncation from 'double' to 'GLfloat'
C:\Users\Hung\Downloads\btlDHMT\GLSLExperiment\nhom6.cpp(866,24): warning C4305: '-=': truncation from 'double' to 'GLfloat'
C:\Users\Hung\Downloads\btlDHMT\GLSLExperiment\nhom6.cpp(872,24): warning C4305: '+=': truncation from 'double' to 'GLfloat'
C:\Users\Hung\Downloads\btlDHMT\GLSLExperiment\nhom6.cpp(877,24): warning C4305: '-=': truncation from 'double' to 'GLfloat'
C:\Users\Hung\Downloads\btlDHMT\GLSLExperiment\nhom6.cpp(919,24): warning C4305: '-=': truncation from 'double' to 'GLfloat'
C:\Users\Hung\Downloads\btlDHMT\GLSLExperiment\nhom6.cpp(924,24): warning C4305: '+=': truncation from 'double' to 'GLfloat'
C:\Users\Hung\Downloads\btlDHMT\GLSLExperiment\nhom6.cpp(929,24): warning C4305: '-=': truncation from 'double' to 'GLfloat'
C:\Users\Hung\Downloads\btlDHMT\GLSLExperiment\nhom6.cpp(934,24): warning C4305: '+=': truncation from 'double' to 'GLfloat'
C:\Users\Hung\Downloads\btlDHMT\GLSLExperiment\nhom6.cpp(977,27): warning C4305: '-=': truncation from 'double' to 'GLfloat'
C:\Users\Hung\Downloads\btlDHMT\GLSLExperiment\nhom6.cpp(979,27): warning C4305: '=': truncation from 'double' to 'GLfloat'
C:\Users\Hung\Downloads\btlDHMT\GLSLExperiment\nhom6.cpp(983,27): warning C4305: '+=': truncation from 'double' to 'GLfloat'
C:\Users\Hung\Downloads\btlDHMT\GLSLExperiment\nhom6.cpp(1002,24): warning C4305: '=': truncation from 'double' to 'float'
C:\Users\Hung\Downloads\btlDHMT\GLSLExperiment\nhom6.cpp(1006,23): warning C4305: '=': truncation from 'double' to 'float'
C:\Users\Hung\Downloads\btlDHMT\GLSLExperiment\nhom6.cpp(1014,15): warning C4305: '-=': truncation from 'double' to 'GLfloat'
C:\Users\Hung\Downloads\btlDHMT\GLSLExperiment\nhom6.cpp(1015,15): warning C4305: '+=': truncation from 'double' to 'GLfloat'
C:\Users\Hung\Downloads\btlDHMT\GLSLExperiment\nhom6.cpp(1018,15): warning C4305: '+=': truncation from 'double' to 'GLfloat'
C:\Users\Hung\Downloads\btlDHMT\GLSLExperiment\nhom6.cpp(1019,15): warning C4305: '+=': truncation from 'double' to 'GLfloat'
C:\Users\Hung\Downloads\btlDHMT\GLSLExperiment\nhom6.cpp(1022,15): warning C4305: '+=': truncation from 'double' to 'GLfloat'
C:\Users\Hung\Downloads\btlDHMT\GLSLExperiment\nhom6.cpp(1023,15): warning C4305: '-=': truncation from 'double' to 'GLfloat'
C:\Users\Hung\Downloads\btlDHMT\GLSLExperiment\nhom6.cpp(1026,15): warning C4305: '-=': truncation from 'double' to 'GLfloat'
C:\Users\Hung\Downloads\btlDHMT\GLSLExperiment\nhom6.cpp(1027,15): warning C4305: '-=': truncation from 'double' to 'GLfloat'
C:\Users\Hung\Downloads\btlDHMT\GLSLExperiment\nhom6.cpp(1036,15): warning C4305: '+=': truncation from 'double' to 'GLfloat'
C:\Users\Hung\Downloads\btlDHMT\GLSLExperiment\nhom6.cpp(1037,15): warning C4305: '+=': truncation from 'double' to 'GLfloat'
C:\Users\Hung\Downloads\btlDHMT\GLSLExperiment\nhom6.cpp(1040,15): warning C4305: '-=': truncation from 'double' to 'GLfloat'
C:\Users\Hung\Downloads\btlDHMT\GLSLExperiment\nhom6.cpp(1041,15): warning C4305: '+=': truncation from 'double' to 'GLfloat'
C:\Users\Hung\Downloads\btlDHMT\GLSLExperiment\nhom6.cpp(1044,15): warning C4305: '-=': truncation from 'double' to 'GLfloat'
C:\Users\Hung\Downloads\btlDHMT\GLSLExperiment\nhom6.cpp(1045,15): warning C4305: '-=': truncation from 'double' to 'GLfloat'
C:\Users\Hung\Downloads\btlDHMT\GLSLExperiment\nhom6.cpp(1048,15): warning C4305: '+=': truncation from 'double' to 'GLfloat'
C:\Users\Hung\Downloads\btlDHMT\GLSLExperiment\nhom6.cpp(1049,15): warning C4305: '-=': truncation from 'double' to 'GLfloat'
  GLSLExperiment.vcxproj -> C:\Users\Hung\Downloads\btlDHMT\Debug\GLSLExperiment.exe
